
21/06/2014 18:52:07 adminrunas: WIN-SMHU7MVV2H4\Martin: - Started
21/06/2014 18:52:41 adminrunas: WIN-SMHU7MVV2H4\Martin: - Started
21/06/2014 18:54:56 adminrunas: WIN-SMHU7MVV2H4\Martin: - Started
21/06/2014 18:58:34 adminrunas: WIN-SMHU7MVV2H4\Martin: - Started
21/06/2014 18:58:38 adminrunas: WIN-SMHU7MVV2H4\Martin: - Ejecute - C:\Windows\system32\mspaint.exe - Comment: 
21/06/2014 18:59:49 adminrunas: WIN-SMHU7MVV2H4\Martin: - Started
21/06/2014 19:00:23 adminrunas: WIN-SMHU7MVV2H4\Martin: - Started
21/06/2014 19:00:32 adminrunas: WIN-SMHU7MVV2H4\Martin: - Ejecute - C:\Windows\system32\mspaint.exe - Comment: 
21/06/2014 19:02:47 adminrunas: WIN-SMHU7MVV2H4\Martin: - Started
21/06/2014 19:03:47 adminrunas: WIN-SMHU7MVV2H4\Martin: - Started
21/06/2014 19:03:50 adminrunas: WIN-SMHU7MVV2H4\Martin: - Ejecute - C:\Windows\system32\mspaint.exe - Comment: 
21/06/2014 19:05:12 adminrunas: WIN-SMHU7MVV2H4\Martin: - Started
21/06/2014 19:11:28 adminrunas: WIN-SMHU7MVV2H4\Martin: - Started
21/06/2014 19:11:53 adminrunas: WIN-SMHU7MVV2H4\Martin: - Started
21/06/2014 19:34:06 adminrunas: WIN-SMHU7MVV2H4\Martin: - Started
21/06/2014 19:34:15 adminrunas: WIN-SMHU7MVV2H4\Martin: - Ejecute - C:\Windows\system32\mspaint.exe - Comment: este
21/06/2014 19:38:37 adminrunas: WIN-SMHU7MVV2H4\Martin: - Ejecute - C:\Windows\system32\mspaint.exe - Comment: este
21/06/2014 19:53:32 adminrunas: WIN-SMHU7MVV2H4\Martin: - Started
21/06/2014 19:53:41 adminrunas: WIN-SMHU7MVV2H4\Martin: - Ejecute - C:\Windows\system32\mspaint.exe - Comment: paint
21/06/2014 19:54:00 adminrunas: WIN-SMHU7MVV2H4\Martin: - Ejecute - C:\Windows\system32\cleanmgr.exe - Comment: disk
21/06/2014 19:54:19 adminrunas: WIN-SMHU7MVV2H4\Martin: - Ejecute - C:\Windows\system32\cleanmgr.exe - Comment: disk
21/06/2014 19:57:01 adminrunas: WIN-SMHU7MVV2H4\Martin: - Started
21/06/2014 19:57:17 adminrunas: WIN-SMHU7MVV2H4\Martin: - Ejecute - C:\Windows\system32\notepad.exe - Comment: 
21/06/2014 19:59:26 adminrunas: WIN-SMHU7MVV2H4\Martin: - Started
21/06/2014 20:00:39 adminrunas: WIN-SMHU7MVV2H4\Martin: - Started
21/06/2014 20:01:16 adminrunas: WIN-SMHU7MVV2H4\Martin: - Started
21/06/2014 20:01:18 adminrunas: WIN-SMHU7MVV2H4\Martin: - Ejecute - C:\Windows\system32\notepad.exe "C:\Windows\system32\drivers\etc\hosts" - Comment: 
